<?xml version="1.0" encoding="UTF-8"?>
<!-- Generated by org.testng.reporters.JUnitReportReporter -->
<testsuite hostname="ind495" name="onboarding.google" tests="1" failures="0" timestamp="25 Mar 2017 11:04:36 GMT" time="11.381" errors="0">
  <testcase name="text" time="11.381" classname="onboarding.google"/>
</testsuite> <!-- onboarding.google -->
