<?xml version="1.0" encoding="UTF-8"?>
<!-- Generated by org.testng.reporters.JUnitReportReporter -->
<testsuite hostname="ind495" name="onboarding.demo" tests="1" failures="0" timestamp="11 May 2017 06:50:39 GMT" time="11.636" errors="0">
  <testcase name="testprinting" time="11.636" classname="onboarding.demo"/>
</testsuite> <!-- onboarding.demo -->
