<?xml version="1.0" encoding="UTF-8"?>
<!-- Generated by org.testng.reporters.JUnitReportReporter -->
<testsuite hostname="ind495" name="onboarding.Windowshandles" tests="1" failures="0" timestamp="2 Oct 2017 10:03:16 GMT" time="13.314" errors="0">
  <testcase name="win" time="13.314" classname="onboarding.Windowshandles"/>
</testsuite> <!-- onboarding.Windowshandles -->
